c:\users\hamil\onedrive\desktop\lightfield rendering\customoptixsdk\optix7.4_renderer\optixcallableprograms\optixcallableprograms.dir\debug\lodepng.obj
c:\users\hamil\onedrive\desktop\lightfield rendering\customoptixsdk\optix7.4_renderer\optixcallableprograms\optixcallableprograms.dir\debug\optixcallableprograms.obj
c:\users\hamil\onedrive\desktop\lightfield rendering\customoptixsdk\optix7.4_renderer\optixcallableprograms\optixcallableprograms.dir\debug\vc142.pdb
c:\users\hamil\onedrive\desktop\lightfield rendering\customoptixsdk\optix7.4_renderer\optixcallableprograms\cmakefiles\generate.stamp
c:\users\hamil\onedrive\desktop\lightfield rendering\customoptixsdk\optix7.4_renderer\bin\debug\optixcallableprograms.exe
c:\users\hamil\onedrive\desktop\lightfield rendering\customoptixsdk\optix7.4_renderer\optixcallableprograms\optixcallableprograms.dir\debug\optixcallableprograms.ilk
c:\users\hamil\onedrive\desktop\lightfield rendering\customoptixsdk\optix7.4_renderer\bin\debug\optixcallableprograms.pdb
c:\users\hamil\onedrive\desktop\lightfield rendering\customoptixsdk\optix7.4_renderer\lib\debug\optixcallableprograms.lib
c:\users\hamil\onedrive\desktop\lightfield rendering\customoptixsdk\optix7.4_renderer\lib\debug\optixcallableprograms.exp
c:\users\hamil\onedrive\desktop\lightfield rendering\customoptixsdk\optix7.4_renderer\optixcallableprograms\optixcallableprograms.dir\debug\optixcallableprograms.res
c:\users\hamil\onedrive\desktop\lightfield rendering\customoptixsdk\optix7.4_renderer\optixcallableprograms\optixcallableprograms.dir\debug\optixcal.fd0abe51.tlog\cl.command.1.tlog
c:\users\hamil\onedrive\desktop\lightfield rendering\customoptixsdk\optix7.4_renderer\optixcallableprograms\optixcallableprograms.dir\debug\optixcal.fd0abe51.tlog\cl.read.1.tlog
c:\users\hamil\onedrive\desktop\lightfield rendering\customoptixsdk\optix7.4_renderer\optixcallableprograms\optixcallableprograms.dir\debug\optixcal.fd0abe51.tlog\cl.write.1.tlog
c:\users\hamil\onedrive\desktop\lightfield rendering\customoptixsdk\optix7.4_renderer\optixcallableprograms\optixcallableprograms.dir\debug\optixcal.fd0abe51.tlog\custombuild.command.1.tlog
c:\users\hamil\onedrive\desktop\lightfield rendering\customoptixsdk\optix7.4_renderer\optixcallableprograms\optixcallableprograms.dir\debug\optixcal.fd0abe51.tlog\custombuild.read.1.tlog
c:\users\hamil\onedrive\desktop\lightfield rendering\customoptixsdk\optix7.4_renderer\optixcallableprograms\optixcallableprograms.dir\debug\optixcal.fd0abe51.tlog\custombuild.write.1.tlog
c:\users\hamil\onedrive\desktop\lightfield rendering\customoptixsdk\optix7.4_renderer\optixcallableprograms\optixcallableprograms.dir\debug\optixcal.fd0abe51.tlog\link.command.1.tlog
c:\users\hamil\onedrive\desktop\lightfield rendering\customoptixsdk\optix7.4_renderer\optixcallableprograms\optixcallableprograms.dir\debug\optixcal.fd0abe51.tlog\link.read.1.tlog
c:\users\hamil\onedrive\desktop\lightfield rendering\customoptixsdk\optix7.4_renderer\optixcallableprograms\optixcallableprograms.dir\debug\optixcal.fd0abe51.tlog\link.write.1.tlog
c:\users\hamil\onedrive\desktop\lightfield rendering\customoptixsdk\optix7.4_renderer\optixcallableprograms\optixcallableprograms.dir\debug\optixcal.fd0abe51.tlog\optixcallableprograms.write.1u.tlog
c:\users\hamil\onedrive\desktop\lightfield rendering\customoptixsdk\optix7.4_renderer\optixcallableprograms\optixcallableprograms.dir\debug\optixcal.fd0abe51.tlog\rc.command.1.tlog
c:\users\hamil\onedrive\desktop\lightfield rendering\customoptixsdk\optix7.4_renderer\optixcallableprograms\optixcallableprograms.dir\debug\optixcal.fd0abe51.tlog\rc.read.1.tlog
c:\users\hamil\onedrive\desktop\lightfield rendering\customoptixsdk\optix7.4_renderer\optixcallableprograms\optixcallableprograms.dir\debug\optixcal.fd0abe51.tlog\rc.write.1.tlog
